<?xml version="1.0" encoding="UTF-8"?>
<!-- Generated by org.testng.reporters.JUnitReportReporter -->
<testsuite hostname="DESKTOP-PFBG9OR" failures="0" tests="1" name="com.amazon.qa.testcases.HomePageTest" time="11.971" errors="0" timestamp="25 Apr 2021 17:50:34 GMT">
  <testcase classname="com.amazon.qa.testcases.HomePageTest" name="searchTextTest" time="11.971"/>
</testsuite> <!-- com.amazon.qa.testcases.HomePageTest -->
