<?xml version="1.0" encoding="UTF-8"?>
<!-- Generated by org.testng.reporters.JUnitReportReporter -->
<testsuite hostname="DESKTOP-PFBG9OR" failures="0" tests="1" name="com.amazon.qa.testcases.HomePageTest" time="10.312" errors="0" timestamp="23 Apr 2021 11:12:19 GMT">
  <testcase classname="com.amazon.qa.testcases.HomePageTest" name="searchTextTest" time="10.312"/>
</testsuite> <!-- com.amazon.qa.testcases.HomePageTest -->
